<?xml version="1.0" encoding="UTF-8"?>
<!-- Generated by org.testng.reporters.JUnitXMLReporter -->
<testsuite hostname="malli" name="Chrome Test" tests="3" failures="0" timestamp="26 Jun 2019 17:12:27 GMT" time="34.725" errors="0">
  <testcase name="verifyAllElements" time="13.115" classname="com.horizontal.slider.tests.SliderTest"/>
  <testcase name="verifySliderMaxValueAsFive" time="4.575" classname="com.horizontal.slider.tests.SliderTest"/>
  <testcase name="verifySliderMinValueAsZero" time="4.4" classname="com.horizontal.slider.tests.SliderTest"/>
</testsuite> <!-- Chrome Test -->
