<?xml version="1.0" encoding="UTF-8"?>
<testng-results skipped="0" failed="0" total="2" passed="2">
  <reporter-output>
  </reporter-output>
  <suite name="Suite" duration-ms="31352" started-at="2019-06-26T17:24:29Z" finished-at="2019-06-26T17:25:01Z">
    <groups>
    </groups>
    <test name="Chrome Test" duration-ms="31352" started-at="2019-06-26T17:24:29Z" finished-at="2019-06-26T17:25:01Z">
      <class name="com.basic.auth.tests.LoginAutomationSite">
        <test-method status="PASS" signature="initializeReport()[pri:0, instance:com.basic.auth.tests.LoginAutomationSite@39aeed2f]" name="initializeReport" is-config="true" duration-ms="31" started-at="2019-06-26T22:54:29Z" finished-at="2019-06-26T22:54:29Z">
          <reporter-output>
          </reporter-output>
        </test-method> <!-- initializeReport -->
        <test-method status="PASS" signature="setUpBrowser(java.lang.String)[pri:0, instance:com.basic.auth.tests.LoginAutomationSite@39aeed2f]" name="setUpBrowser" is-config="true" duration-ms="18018" started-at="2019-06-26T22:54:29Z" finished-at="2019-06-26T22:54:47Z">
          <params>
            <param index="0">
              <value>
                <![CDATA[chrome]]>
              </value>
            </param>
          </params>
          <reporter-output>
          </reporter-output>
        </test-method> <!-- setUpBrowser -->
        <test-method status="PASS" signature="doLogin(java.lang.String, java.lang.String)[pri:0, instance:com.basic.auth.tests.LoginAutomationSite@39aeed2f]" name="doLogin" duration-ms="6121" started-at="2019-06-26T22:54:50Z" data-provider="testData" finished-at="2019-06-26T22:54:56Z">
          <params>
            <param index="0">
              <value>
                <![CDATA[admin]]>
              </value>
            </param>
            <param index="1">
              <value>
                <![CDATA[admin]]>
              </value>
            </param>
          </params>
          <reporter-output>
          </reporter-output>
        </test-method> <!-- doLogin -->
        <test-method status="PASS" signature="verifySuccessResponseText()[pri:0, instance:com.basic.auth.tests.LoginAutomationSite@39aeed2f]" name="verifySuccessResponseText" duration-ms="4327" started-at="2019-06-26T22:54:56Z" finished-at="2019-06-26T22:55:01Z">
          <reporter-output>
          </reporter-output>
        </test-method> <!-- verifySuccessResponseText -->
        <test-method status="PASS" signature="stopReorts()[pri:0, instance:com.basic.auth.tests.LoginAutomationSite@39aeed2f]" name="stopReorts" is-config="true" duration-ms="171" started-at="2019-06-26T22:55:02Z" finished-at="2019-06-26T22:55:02Z">
          <reporter-output>
          </reporter-output>
        </test-method> <!-- stopReorts -->
      </class> <!-- com.basic.auth.tests.LoginAutomationSite -->
    </test> <!-- Chrome Test -->
  </suite> <!-- Suite -->
</testng-results>
